producer_class	xtools.gsea.GseaPreranked
producer_timestamp	1372420217145
param	collapse	false
param	plot_top_x	20
param	rnk	/home/lpantano/projects/iRNAseq/znf257/selected_gsea_35.rnk
param	norm	meandiv
param	scoring_scheme	weighted
param	make_sets	true
param	mode	Max_probe
param	gmx	/home/lpantano/soft/msigdb.v4.0.symbols.gmt
param	gui	false
param	rpt_label	msigdb
param	help	false
param	out	/home/lpantano/projects/iRNAseq/znf257/gsea.35fdr
param	include_only_symbols	true
param	set_min	3
param	nperm	1000
param	rnd_seed	timestamp
param	zip_report	false
param	set_max	500

file	gsea.35fdr/msigdb.GseaPreranked.1372420217145/index.html
